<?xml version="1.0" encoding="UTF-8"?>
<!-- Generated by org.testng.reporters.JUnitReportReporter -->
<testsuite skipped="0" hostname="DESKTOP-2V4BNA8" name="com_DemoActiTime_Tests.Demo" tests="1" failures="0" timestamp="13 May 2020 16:05:54 GMT" time="16.423" errors="0">
  <testcase name="TestA" time="16.423" classname="com_DemoActiTime_Tests.Demo"/>
</testsuite> <!-- com_DemoActiTime_Tests.Demo -->
