<?xml version="1.0" encoding="UTF-8"?>
<!-- Generated by org.testng.reporters.JUnitReportReporter -->
<testsuite skipped="0" hostname="DESKTOP-2V4BNA8" name="com_DemoActiTime_Tests.Demo1" tests="1" failures="0" timestamp="13 May 2020 16:16:33 GMT" time="26.239" errors="0">
  <testcase name="TestA" time="26.239" classname="com_DemoActiTime_Tests.Demo1"/>
</testsuite> <!-- com_DemoActiTime_Tests.Demo1 -->
